2023-08-26T21:52:52.792919+0300 INFO Запуск бота
2023-08-26T21:52:53.925645+0300 INFO Ошибка - Shard ID None is requesting privileged intents that have not been explicitly enabled in the developer portal. It is recommended to go to https://discord.com/developers/applications/ and explicitly enable the privileged intents within your application's page. If this is not possible, then consider disabling the privileged intents instead.
2023-08-26T21:52:54.933317+0300 INFO Запуск бота
2023-08-26T21:52:54.936408+0300 INFO Ошибка - Session is closed
2023-08-26T21:52:55.939461+0300 INFO Запуск бота
2023-08-26T21:52:55.945605+0300 INFO Ошибка - Session is closed
2023-08-26T21:52:56.959240+0300 INFO Запуск бота
2023-08-26T21:52:56.963933+0300 INFO Ошибка - Session is closed
2023-08-26T21:54:50.754641+0300 INFO Запуск бота
2023-08-26T22:03:27.176537+0300 INFO Запуск бота
2023-08-26T22:03:27.180129+0300 INFO Ошибка - Session is closed
2023-08-26T22:03:28.192964+0300 INFO Запуск бота
2023-08-26T22:03:28.196543+0300 INFO Ошибка - Session is closed
2023-08-26T22:05:08.355904+0300 INFO Запуск бота
2023-08-26T22:06:25.784951+0300 INFO Запуск бота
2023-08-26T22:07:15.958898+0300 INFO Запуск бота
2023-08-26T22:08:36.482027+0300 INFO Запуск бота
2023-08-26T22:09:18.673945+0300 INFO Запуск бота
2023-08-26T22:09:58.760845+0300 INFO Запуск бота
2023-08-26T22:10:02.363573+0300 INFO 635727401048866816, VIP
2023-08-26T22:11:55.933203+0300 INFO Запуск бота
2023-08-26T22:12:02.780242+0300 INFO 635727401048866816, VIP
2023-08-26T22:23:58.006586+0300 INFO Запуск бота
2023-08-26T22:24:18.884463+0300 INFO 635727401048866816, Test
2023-08-26T22:28:32.341945+0300 INFO Запуск бота
2023-08-26T22:36:48.920538+0300 INFO Запуск бота
2023-08-26T22:37:40.350619+0300 INFO Запуск бота
2023-08-26T22:46:30.846145+0300 INFO Запуск бота
2023-08-26T22:52:07.818994+0300 INFO Запуск бота
2023-08-26T23:06:17.443835+0300 INFO Запуск бота
2023-08-26T23:09:38.067253+0300 INFO Запуск бота
2023-08-26T23:13:44.966113+0300 INFO Запуск бота
2023-08-26T23:14:50.021793+0300 INFO Запуск бота
2023-08-26T23:16:18.967911+0300 INFO Запуск бота
2023-08-26T23:19:20.401735+0300 INFO Запуск бота
2023-08-26T23:25:55.757455+0300 INFO Запуск бота
2023-08-26T23:28:25.759820+0300 INFO Запуск бота
2023-08-26T23:29:57.608943+0300 INFO Запуск бота
2023-08-26T23:38:00.760448+0300 INFO Запуск бота
2023-08-26T23:38:40.699828+0300 INFO Запуск бота
2023-08-26T23:39:09.308225+0300 INFO Запуск бота
2023-08-26T23:39:30.042808+0300 INFO Запуск бота
2023-08-26T23:41:09.995535+0300 INFO Запуск бота
2023-08-26T23:45:11.236122+0300 INFO Запуск бота
2023-08-26T23:51:35.174627+0300 INFO Запуск бота
2023-08-26T23:52:38.378675+0300 INFO Запуск бота
2023-08-26T23:58:12.229273+0300 INFO Запуск бота
2023-08-27T00:00:07.561470+0300 INFO Запуск бота
2023-08-27T00:02:59.698386+0300 INFO Запуск бота
2023-08-27T00:03:30.321521+0300 INFO Запуск бота
2023-08-27T00:18:54.655172+0300 INFO Запуск бота
2023-08-27T09:05:52.876060+0300 INFO Запуск бота
2023-08-27T09:09:26.325718+0300 INFO Запуск бота
2023-08-27T09:09:31.576890+0300 INFO SELECT "t1"."role_name", "t1"."price_rub" FROM "roles" AS "t1"
2023-08-27T09:10:52.119260+0300 INFO Запуск бота
2023-08-27T09:10:57.598046+0300 INFO [{'role_name': 'VIP', 'price_rub': '100'}]
2023-08-27T09:15:46.932412+0300 INFO Запуск бота
2023-08-27T09:15:52.563873+0300 INFO [{'role_name': 'VIP', 'price_rub': '100'}]
2023-08-27T09:39:50.094541+0300 INFO Запуск бота
2023-08-27T09:39:54.269533+0300 INFO [{'role_name': 'VIP', 'price_rub': '100'}]
2023-08-27T09:42:17.236342+0300 INFO Запуск бота
2023-08-27T09:42:22.511248+0300 INFO [{'role_name': 'VIP', 'price_rub': '100'}]
2023-08-27T10:02:22.750868+0300 INFO Запуск бота
2023-08-27T10:02:30.014411+0300 INFO [{'role_name': 'VIP', 'price_rub': '100', 'role_id': '1145070165407584266'}]
2023-08-27T10:04:05.825120+0300 INFO Запуск бота
2023-08-27T10:04:10.270773+0300 INFO [{'role_name': 'VIP', 'price_rub': '100', 'role_id': '1145070165407584266'}]
2023-08-27T10:05:36.308566+0300 INFO Запуск бота
2023-08-27T10:05:41.074972+0300 INFO [{'role_name': 'VIP', 'price_rub': '100', 'role_id': '1145070165407584266'}]
2023-08-27T10:19:05.400975+0300 INFO Запуск бота
2023-08-27T10:19:12.822460+0300 INFO [{'role_name': 'VIP', 'price_rub': '100', 'role_id': '1145070165407584266'}]
2023-08-27T10:19:42.843713+0300 INFO Запуск бота
2023-08-27T10:19:49.137734+0300 INFO [{'role_name': 'VIP', 'price_rub': '100', 'role_id': '1145070165407584266'}]
2023-08-27T10:27:39.249299+0300 INFO Запуск бота
2023-08-27T10:27:43.335930+0300 INFO [{'role_name': 'VIP', 'price_rub': '100', 'role_id': '1145070165407584266'}]
2023-08-27T10:30:11.503048+0300 INFO Запуск бота
2023-08-27T10:30:15.872429+0300 INFO [{'role_name': 'VIP', 'price_rub': '100', 'role_id': '1145070165407584266'}]
2023-08-27T10:31:51.966262+0300 INFO Запуск бота
2023-08-27T10:31:56.341774+0300 INFO [{'role_name': 'VIP', 'price_rub': '100', 'role_id': '1145070165407584266'}]
2023-08-27T10:33:56.855518+0300 INFO Запуск бота
2023-08-27T10:34:04.350832+0300 INFO [{'role_name': 'VIP', 'price_rub': '100', 'role_id': '1145070165407584266'}]
2023-08-27T10:40:20.417228+0300 INFO Запуск бота
2023-08-27T10:41:12.532951+0300 INFO Запуск бота
2023-08-27T10:41:40.528545+0300 INFO Запуск бота
2023-08-27T10:42:14.743557+0300 INFO Запуск бота
2023-08-27T10:42:29.589708+0300 INFO Запуск бота
2023-08-27T10:47:10.029057+0300 INFO Запуск бота
2023-08-27T10:47:21.082845+0300 INFO Запуск бота
2023-08-27T10:49:21.788362+0300 INFO Запуск бота
2023-08-27T10:49:32.377168+0300 INFO [{'role_name': 'VIP', 'price_rub': '100', 'role_id': '1145070165407584266'}]
2023-08-27T10:51:17.141892+0300 INFO Запуск бота
2023-08-27T10:53:48.582462+0300 INFO Запуск бота
2023-08-27T10:54:44.957520+0300 INFO [{'role_name': 'VIP', 'price_rub': '100', 'role_id': '1145070165407584266'}]
2023-08-27T10:57:09.478293+0300 INFO Запуск бота
2023-08-27T10:58:12.976014+0300 INFO Запуск бота
2023-08-27T10:58:33.287149+0300 INFO Запуск бота
2023-08-27T10:59:07.478159+0300 INFO [{'role_name': 'VIP', 'price_rub': '100', 'role_id': '1145070165407584266'}]
2023-08-27T11:00:40.418914+0300 INFO Запуск бота
2023-08-27T11:00:49.988175+0300 INFO [{'role_name': 'VIP', 'price_rub': '100', 'role_id': '1145070165407584266'}]
2023-08-27T11:02:40.682987+0300 INFO Запуск бота
2023-08-27T11:03:21.996866+0300 INFO Запуск бота
2023-08-27T11:03:59.094454+0300 INFO Запуск бота
2023-08-27T11:06:16.949917+0300 INFO Запуск бота
2023-08-27T11:06:28.827623+0300 INFO [{'role_name': 'VIP', 'price_rub': '100', 'role_id': '1145070165407584266'}]
2023-08-27T11:09:01.267184+0300 INFO Запуск бота
2023-08-27T11:09:56.077385+0300 INFO Запуск бота
2023-08-27T11:10:09.990667+0300 INFO [{'role_name': 'VIP', 'price_rub': '100', 'role_id': '1145070165407584266'}]
2023-08-27T11:10:32.941334+0300 INFO [{'role_name': 'VIP', 'price_rub': '100', 'role_id': '1145070165407584266'}]
2023-08-27T11:11:49.709200+0300 INFO Запуск бота
2023-08-27T11:12:00.558253+0300 INFO [{'role_name': 'VIP', 'price_rub': '100', 'role_id': '1145070165407584266'}]
2023-08-27T11:21:39.618211+0300 INFO Запуск бота
2023-08-27T11:22:52.025440+0300 INFO Запуск бота
2023-08-27T11:28:22.475556+0300 INFO Запуск бота
2023-08-27T11:28:22.485347+0300 INFO Ошибка - Can't pickle local object 'main.<locals>.start_bot'
2023-08-27T11:28:23.496575+0300 INFO Запуск бота
2023-08-27T11:28:23.501176+0300 INFO Ошибка - Can't pickle local object 'main.<locals>.start_bot'
2023-08-27T11:28:24.507479+0300 INFO Запуск бота
2023-08-27T11:28:24.512090+0300 INFO Ошибка - Can't pickle local object 'main.<locals>.start_bot'
2023-08-27T11:28:25.518653+0300 INFO Запуск бота
2023-08-27T11:28:25.523269+0300 INFO Ошибка - Can't pickle local object 'main.<locals>.start_bot'
2023-08-27T11:28:26.530007+0300 INFO Запуск бота
2023-08-27T11:28:26.534611+0300 INFO Ошибка - Can't pickle local object 'main.<locals>.start_bot'
2023-08-27T11:28:27.540803+0300 INFO Запуск бота
2023-08-27T11:28:27.545409+0300 INFO Ошибка - Can't pickle local object 'main.<locals>.start_bot'
2023-08-27T11:28:28.552205+0300 INFO Запуск бота
2023-08-27T11:28:28.557352+0300 INFO Ошибка - Can't pickle local object 'main.<locals>.start_bot'
2023-08-27T11:28:29.562354+0300 INFO Запуск бота
2023-08-27T11:28:29.566959+0300 INFO Ошибка - Can't pickle local object 'main.<locals>.start_bot'
2023-08-27T11:28:30.573829+0300 INFO Запуск бота
2023-08-27T11:28:30.578454+0300 INFO Ошибка - Can't pickle local object 'main.<locals>.start_bot'
2023-08-27T11:28:31.584121+0300 INFO Запуск бота
2023-08-27T11:28:31.588735+0300 INFO Ошибка - Can't pickle local object 'main.<locals>.start_bot'
2023-08-27T11:28:32.594557+0300 INFO Запуск бота
2023-08-27T11:28:32.599166+0300 INFO Ошибка - Can't pickle local object 'main.<locals>.start_bot'
2023-08-27T11:28:33.605600+0300 INFO Запуск бота
2023-08-27T11:28:33.626042+0300 INFO Ошибка - Can't pickle local object 'main.<locals>.start_bot'
2023-08-27T11:28:34.629188+0300 INFO Запуск бота
2023-08-27T11:28:34.634320+0300 INFO Ошибка - Can't pickle local object 'main.<locals>.start_bot'
2023-08-27T11:28:35.640364+0300 INFO Запуск бота
2023-08-27T11:28:35.645012+0300 INFO Ошибка - Can't pickle local object 'main.<locals>.start_bot'
2023-08-27T11:28:36.654700+0300 INFO Запуск бота
2023-08-27T11:28:36.659841+0300 INFO Ошибка - Can't pickle local object 'main.<locals>.start_bot'
2023-08-27T11:28:37.663934+0300 INFO Запуск бота
2023-08-27T11:28:37.668539+0300 INFO Ошибка - Can't pickle local object 'main.<locals>.start_bot'
2023-08-27T11:28:38.674102+0300 INFO Запуск бота
2023-08-27T11:28:38.679241+0300 INFO Ошибка - Can't pickle local object 'main.<locals>.start_bot'
2023-08-27T11:28:39.684390+0300 INFO Запуск бота
2023-08-27T11:28:39.688997+0300 INFO Ошибка - Can't pickle local object 'main.<locals>.start_bot'
2023-08-27T11:28:40.693175+0300 INFO Запуск бота
2023-08-27T11:28:40.697779+0300 INFO Ошибка - Can't pickle local object 'main.<locals>.start_bot'
2023-08-27T11:28:41.703191+0300 INFO Запуск бота
2023-08-27T11:28:41.706277+0300 INFO Ошибка - Can't pickle local object 'main.<locals>.start_bot'
2023-08-27T11:28:42.714647+0300 INFO Запуск бота
2023-08-27T11:28:42.718235+0300 INFO Ошибка - Can't pickle local object 'main.<locals>.start_bot'
2023-08-27T11:28:43.725105+0300 INFO Запуск бота
2023-08-27T11:28:43.728177+0300 INFO Ошибка - Can't pickle local object 'main.<locals>.start_bot'
2023-08-27T11:28:44.735378+0300 INFO Запуск бота
2023-08-27T11:28:44.739991+0300 INFO Ошибка - Can't pickle local object 'main.<locals>.start_bot'
2023-08-27T11:28:45.747111+0300 INFO Запуск бота
2023-08-27T11:28:45.750191+0300 INFO Ошибка - Can't pickle local object 'main.<locals>.start_bot'
2023-08-27T11:28:46.758236+0300 INFO Запуск бота
2023-08-27T11:28:46.762839+0300 INFO Ошибка - Can't pickle local object 'main.<locals>.start_bot'
2023-08-27T11:28:47.768057+0300 INFO Запуск бота
2023-08-27T11:28:47.772155+0300 INFO Ошибка - Can't pickle local object 'main.<locals>.start_bot'
2023-08-27T11:28:48.778961+0300 INFO Запуск бота
2023-08-27T11:28:48.782034+0300 INFO Ошибка - Can't pickle local object 'main.<locals>.start_bot'
2023-08-27T11:28:49.787056+0300 INFO Запуск бота
2023-08-27T11:28:49.790635+0300 INFO Ошибка - Can't pickle local object 'main.<locals>.start_bot'
2023-08-27T11:28:50.796088+0300 INFO Запуск бота
2023-08-27T11:28:50.799162+0300 INFO Ошибка - Can't pickle local object 'main.<locals>.start_bot'
2023-08-27T11:28:51.806632+0300 INFO Запуск бота
2023-08-27T11:28:51.810236+0300 INFO Ошибка - Can't pickle local object 'main.<locals>.start_bot'
2023-08-27T11:28:52.815758+0300 INFO Запуск бота
2023-08-27T11:28:52.820883+0300 INFO Ошибка - Can't pickle local object 'main.<locals>.start_bot'
2023-08-27T11:28:53.827698+0300 INFO Запуск бота
2023-08-27T11:28:53.831306+0300 INFO Ошибка - Can't pickle local object 'main.<locals>.start_bot'
2023-08-27T11:31:11.894676+0300 INFO Запуск бота
2023-08-27T11:32:01.608729+0300 INFO Запуск бота
2023-08-27T11:32:22.212923+0300 INFO Запуск бота
2023-08-27T11:32:49.693495+0300 INFO Запуск бота
2023-08-27T11:34:49.868652+0300 INFO Запуск бота
2023-08-27T11:36:52.024421+0300 INFO Запуск бота
2023-08-27T11:38:17.275724+0300 INFO Запуск бота
2023-08-27T11:40:06.071367+0300 INFO Запуск бота
2023-08-27T11:40:18.615453+0300 INFO Запуск бота
2023-08-27T11:40:32.845495+0300 INFO Запуск бота
2023-08-27T11:40:43.255524+0300 INFO [{'role_name': 'VIP', 'price_rub': '100', 'role_id': '1145070165407584266'}]
2023-08-27T11:41:39.131965+0300 INFO Запуск бота
2023-08-27T11:44:28.614069+0300 INFO Запуск бота
2023-08-27T11:45:31.533815+0300 INFO Запуск бота
2023-08-27T11:47:06.342959+0300 INFO Запуск бота
2023-08-27T11:50:21.774402+0300 INFO Запуск бота
2023-08-27T11:50:50.039874+0300 INFO [{'role_name': 'VIP', 'price_rub': '100', 'role_id': '1145070165407584266'}]
2023-08-27T11:51:28.014239+0300 INFO Запуск бота
2023-08-27T11:52:34.621205+0300 INFO Запуск бота
2023-08-27T12:06:07.075277+0300 INFO Запуск бота
2023-08-27T12:07:13.399014+0300 INFO Запуск бота
2023-08-27T12:09:17.234601+0300 INFO Запуск бота
2023-08-27T12:10:01.118761+0300 INFO Запуск бота
2023-08-27T12:11:01.791338+0300 INFO Запуск бота
2023-08-27T12:18:54.380307+0300 INFO Запуск бота
2023-08-27T12:19:09.040886+0300 INFO [{'role_name': 'VIP', 'price_rub': '100', 'role_id': '1145070165407584266'}]
2023-08-27T12:19:29.609019+0300 INFO Запуск бота
2023-08-27T12:19:34.809918+0300 INFO [{'role_name': 'VIP', 'price_rub': '100', 'role_id': '1145070165407584266'}]
2023-08-27T12:20:26.841711+0300 INFO Запуск бота
2023-08-27T12:20:35.210680+0300 INFO [{'role_name': 'VIP', 'price_rub': '100', 'role_id': '1145070165407584266'}]
2023-08-27T12:23:37.185565+0300 INFO Запуск бота
2023-08-27T12:23:40.562988+0300 INFO Проверяю транзакции
2023-08-27T12:23:50.719123+0300 INFO Проверяю транзакции
2023-08-27T12:23:53.341488+0300 INFO [{'role_name': 'VIP', 'price_rub': '100', 'role_id': '1145070165407584266'}]
2023-08-27T12:24:00.888311+0300 INFO Проверяю транзакции
2023-08-27T12:24:11.011020+0300 INFO Проверяю транзакции
2023-08-27T12:24:11.011031+0300 INFO {'id': '2c7d29e9-000f-5000-9000-177b41624078', 'status': 'waiting_for_capture', 'amount': Decimal('100.00'), 'currency': 'RUB', 'description': 'user_id:635727401048866816,role_id:1145070165407584266', 'created_at': '2023-08-27T09:23:53.533Z', 'paid': True, 'user_id': '635727401048866816', 'role_id': '1145070165407584266'}
2023-08-27T12:24:25.775141+0300 INFO Проверяю транзакции
2023-08-27T12:24:35.903419+0300 INFO Проверяю транзакции
2023-08-27T12:24:46.055563+0300 INFO Проверяю транзакции
2023-08-27T12:24:56.207723+0300 INFO Проверяю транзакции
2023-08-27T12:25:06.371664+0300 INFO Проверяю транзакции
2023-08-27T12:25:16.502896+0300 INFO Проверяю транзакции
2023-08-27T12:25:26.634346+0300 INFO Проверяю транзакции
2023-08-27T12:25:36.796809+0300 INFO Проверяю транзакции
2023-08-27T12:25:46.959017+0300 INFO Проверяю транзакции
2023-08-27T12:25:57.138678+0300 INFO Проверяю транзакции
2023-08-27T12:26:07.283238+0300 INFO Проверяю транзакции
2023-08-27T12:26:17.432426+0300 INFO Проверяю транзакции
2023-08-27T12:26:27.562576+0300 INFO Проверяю транзакции
2023-08-27T12:26:37.727971+0300 INFO Проверяю транзакции
2023-08-27T12:33:30.689478+0300 INFO Запуск бота
2023-08-27T12:33:34.198871+0300 INFO Проверяю транзакции
2023-08-27T12:33:36.878974+0300 INFO [{'role_name': 'VIP', 'price_rub': '100', 'role_id': '1145070165407584266'}]
2023-08-27T12:33:44.357438+0300 INFO Проверяю транзакции
2023-08-27T12:33:54.500920+0300 INFO Проверяю транзакции
2023-08-27T12:34:04.666161+0300 INFO Проверяю транзакции
2023-08-27T12:34:04.666672+0300 INFO {'id': '2c7d2c31-000f-5000-8000-19ed0f23c33c', 'status': 'waiting_for_capture', 'amount': Decimal('100.00'), 'currency': 'RUB', 'description': 'user_id:635727401048866816,role_id:1145070165407584266,role_name:VIP', 'created_at': '2023-08-27T09:33:37.837Z', 'paid': True, 'user_id': '635727401048866816', 'role_id': '1145070165407584266', 'role_name': 'VIP', 'end_time': datetime.datetime(2023, 9, 26, 12, 34, 4, 666672)}
2023-08-27T12:34:17.419504+0300 INFO Проверяю транзакции
2023-08-27T12:34:27.542679+0300 INFO Проверяю транзакции
2023-08-27T12:34:37.676332+0300 INFO Проверяю транзакции
2023-08-27T12:34:47.852712+0300 INFO Проверяю транзакции
2023-08-27T12:34:57.982706+0300 INFO Проверяю транзакции
2023-08-27T12:35:08.146312+0300 INFO Проверяю транзакции
2023-08-27T12:35:18.290824+0300 INFO Проверяю транзакции
2023-08-27T12:35:28.431321+0300 INFO Проверяю транзакции
2023-08-27T12:35:38.586785+0300 INFO Проверяю транзакции
2023-08-27T12:35:48.722279+0300 INFO Проверяю транзакции
2023-08-27T12:35:58.879548+0300 INFO Проверяю транзакции
2023-08-27T12:36:09.022423+0300 INFO Проверяю транзакции
2023-08-27T12:36:19.178921+0300 INFO Проверяю транзакции
2023-08-27T12:36:29.350970+0300 INFO Проверяю транзакции
2023-08-27T12:36:39.516582+0300 INFO Проверяю транзакции
2023-08-27T12:38:21.931380+0300 INFO Запуск бота
2023-08-27T12:38:25.286284+0300 INFO Проверяю транзакции
2023-08-27T12:38:31.870976+0300 INFO [{'role_name': 'VIP', 'price_rub': '100', 'role_id': '1145070165407584266'}]
2023-08-27T12:38:35.463740+0300 INFO Проверяю транзакции
2023-08-27T12:38:45.605036+0300 INFO Проверяю транзакции
2023-08-27T12:38:55.755648+0300 INFO Проверяю транзакции
2023-08-27T12:38:55.755648+0300 INFO {'id': '2c7d2d5a-000f-5000-9000-16818125e8cd', 'status': 'waiting_for_capture', 'amount': Decimal('100.00'), 'currency': 'RUB', 'description': 'user_id:635727401048866816,role_id:1145070165407584266,role_name:VIP', 'created_at': '2023-08-27T09:38:34.419Z', 'paid': True, 'user_id': '635727401048866816', 'role_id': '1145070165407584266', 'role_name': 'VIP', 'end_time': datetime.datetime(2023, 9, 26, 12, 38, 55, 755648)}
2023-08-27T12:40:16.177810+0300 INFO Запуск бота
2023-08-27T12:40:19.586873+0300 INFO Проверяю транзакции
2023-08-27T12:40:24.690313+0300 INFO [{'role_name': 'VIP', 'price_rub': '100', 'role_id': '1145070165407584266'}]
2023-08-27T12:40:29.717881+0300 INFO Проверяю транзакции
2023-08-27T12:40:39.884474+0300 INFO Проверяю транзакции
2023-08-27T12:40:50.033786+0300 INFO Проверяю транзакции
2023-08-27T12:40:50.033786+0300 INFO {'id': '2c7d2dc8-000f-5000-a000-187cd7c00520', 'status': 'waiting_for_capture', 'amount': Decimal('100.00'), 'currency': 'RUB', 'description': 'user_id:635727401048866816,role_id:1145070165407584266,role_name:VIP', 'created_at': '2023-08-27T09:40:24.630Z', 'paid': True, 'user_id': '635727401048866816', 'role_id': '1145070165407584266', 'role_name': 'VIP', 'end_time': datetime.datetime(2023, 9, 26, 12, 40, 50, 33786)}
2023-08-27T12:44:31.727460+0300 INFO Запуск бота
2023-08-27T12:44:35.296884+0300 INFO Проверяю транзакции
2023-08-27T12:44:36.091832+0300 INFO [{'role_name': 'VIP', 'price_rub': '100', 'role_id': '1145070165407584266'}]
2023-08-27T12:44:45.433447+0300 INFO Проверяю транзакции
2023-08-27T12:44:55.572984+0300 INFO Проверяю транзакции
2023-08-27T12:44:55.573491+0300 INFO {'id': '2c7d2ec4-000f-5000-a000-101050be5c7e', 'status': 'waiting_for_capture', 'amount': Decimal('100.00'), 'currency': 'RUB', 'description': 'user_id:635727401048866816,role_id:1145070165407584266,role_name:VIP', 'created_at': '2023-08-27T09:44:36.506Z', 'paid': True, 'user_id': '635727401048866816', 'role_id': '1145070165407584266', 'role_name': 'VIP', 'end_time': datetime.datetime(2023, 9, 26, 12, 44, 55, 573491)}
2023-08-27T12:49:16.848692+0300 INFO Запуск бота
2023-08-27T12:49:20.333461+0300 INFO Проверяю транзакции
2023-08-27T12:49:22.692229+0300 INFO [{'role_name': 'VIP', 'price_rub': '100', 'role_id': '1145070165407584266'}]
2023-08-27T12:49:30.517802+0300 INFO Проверяю транзакции
2023-08-27T12:49:40.667233+0300 INFO Проверяю транзакции
2023-08-27T12:49:50.832530+0300 INFO Проверяю транзакции
2023-08-27T12:49:50.833074+0300 INFO {'id': '2c7d2fe5-000f-5000-9000-1f13049c165d', 'status': 'waiting_for_capture', 'amount': Decimal('100.00'), 'currency': 'RUB', 'description': 'user_id:635727401048866816,role_id:1145070165407584266,role_name:VIP', 'created_at': '2023-08-27T09:49:25.509Z', 'paid': True, 'user_id': '635727401048866816', 'role_id': '1145070165407584266', 'role_name': 'VIP', 'end_time': datetime.datetime(2023, 9, 26, 12, 49, 50, 833074)}
2023-08-27T12:49:53.576037+0300 WARNING Guild not found
2023-08-27T12:50:03.738492+0300 INFO Проверяю транзакции
2023-08-27T12:50:13.896504+0300 INFO Проверяю транзакции
2023-08-27T12:50:24.037488+0300 INFO Проверяю транзакции
2023-08-27T12:50:34.163187+0300 INFO Проверяю транзакции
2023-08-27T12:50:44.334311+0300 INFO Проверяю транзакции
2023-08-27T12:50:54.465231+0300 INFO Проверяю транзакции
2023-08-27T12:51:04.644007+0300 INFO Проверяю транзакции
2023-08-27T12:52:55.149512+0300 INFO Запуск бота
2023-08-27T12:52:58.688909+0300 INFO Проверяю транзакции
2023-08-27T12:53:00.783180+0300 INFO [{'role_name': 'VIP', 'price_rub': '100', 'role_id': '1145070165407584266'}]
2023-08-27T12:53:08.822043+0300 INFO Проверяю транзакции
2023-08-27T12:53:18.994056+0300 INFO Проверяю транзакции
2023-08-27T12:53:29.116332+0300 INFO Проверяю транзакции
2023-08-27T12:53:29.116839+0300 INFO {'id': '2c7d30be-000f-5000-8000-109ccc5c79e6', 'status': 'waiting_for_capture', 'amount': Decimal('100.00'), 'currency': 'RUB', 'description': 'user_id:635727401048866816,role_id:1145070165407584266,role_name:VIP', 'created_at': '2023-08-27T09:53:02.417Z', 'paid': True, 'user_id': '635727401048866816', 'role_id': '1145070165407584266', 'role_name': 'VIP', 'end_time': datetime.datetime(2023, 9, 26, 12, 53, 29, 116839)}
2023-08-27T12:53:31.928107+0300 WARNING User or role not found
2023-08-27T12:53:42.058257+0300 INFO Проверяю транзакции
2023-08-27T12:53:52.229355+0300 INFO Проверяю транзакции
2023-08-27T12:54:02.377301+0300 INFO Проверяю транзакции
2023-08-27T12:54:12.553792+0300 INFO Проверяю транзакции
2023-08-27T12:54:22.693538+0300 INFO Проверяю транзакции
2023-08-27T12:54:32.884597+0300 INFO Проверяю транзакции
2023-08-27T12:54:43.097258+0300 INFO Запуск бота
2023-08-27T12:54:46.514603+0300 INFO Проверяю транзакции
2023-08-27T12:54:56.639811+0300 INFO Проверяю транзакции
2023-08-27T12:55:06.825601+0300 INFO Проверяю транзакции
2023-08-27T12:55:16.993179+0300 INFO Проверяю транзакции
2023-08-27T12:55:27.154883+0300 INFO Проверяю транзакции
2023-08-27T12:55:34.192257+0300 INFO Запуск бота
2023-08-27T12:55:37.794312+0300 INFO Проверяю транзакции
2023-08-27T12:55:38.239068+0300 INFO [{'role_name': 'VIP', 'price_rub': '100', 'role_id': '1145070165407584266'}]
2023-08-27T12:55:47.932901+0300 INFO Проверяю транзакции
2023-08-27T12:55:58.087783+0300 INFO Проверяю транзакции
2023-08-27T12:56:08.247495+0300 INFO Проверяю транзакции
2023-08-27T12:56:08.247495+0300 INFO {'id': '2c7d315a-000f-5000-8000-16a54a27d0d4', 'status': 'waiting_for_capture', 'amount': Decimal('100.00'), 'currency': 'RUB', 'description': 'user_id:635727401048866816,role_id:1145070165407584266,role_name:VIP', 'created_at': '2023-08-27T09:55:38.185Z', 'paid': True, 'user_id': '635727401048866816', 'role_id': '1145070165407584266', 'role_name': 'VIP', 'end_time': datetime.datetime(2023, 9, 26, 12, 56, 8, 247495)}
2023-08-27T12:56:47.584681+0300 INFO Запуск бота
2023-08-27T12:56:51.043321+0300 INFO Проверяю транзакции
2023-08-27T12:56:53.182881+0300 INFO [{'role_name': 'VIP', 'price_rub': '100', 'role_id': '1145070165407584266'}]
2023-08-27T12:57:01.204571+0300 INFO Проверяю транзакции
2023-08-27T12:57:11.347908+0300 INFO Проверяю транзакции
2023-08-27T12:57:11.347908+0300 INFO {'id': '2c7d31a5-000f-5000-8000-10474214f849', 'status': 'waiting_for_capture', 'amount': Decimal('100.00'), 'currency': 'RUB', 'description': 'user_id:635727401048866816,role_id:1145070165407584266,role_name:VIP', 'created_at': '2023-08-27T09:56:53.354Z', 'paid': True, 'user_id': '635727401048866816', 'role_id': '1145070165407584266', 'role_name': 'VIP', 'end_time': datetime.datetime(2023, 9, 26, 12, 57, 11, 347908)}
2023-08-27T12:57:12.679208+0300 INFO None
2023-08-27T12:57:12.679722+0300 INFO VIP
2023-08-27T12:57:12.679722+0300 INFO BillingBot#8332
2023-08-27T12:57:12.680250+0300 WARNING User or role not found
2023-08-27T12:57:22.808556+0300 INFO Проверяю транзакции
2023-08-27T12:57:32.940018+0300 INFO Проверяю транзакции
2023-08-27T12:57:43.059421+0300 INFO Проверяю транзакции
2023-08-27T12:57:53.190578+0300 INFO Проверяю транзакции
2023-08-27T12:58:03.375840+0300 INFO Проверяю транзакции
2023-08-27T12:58:13.550553+0300 INFO Проверяю транзакции
2023-08-27T12:58:23.703334+0300 INFO Проверяю транзакции
2023-08-27T12:58:33.868824+0300 INFO Проверяю транзакции
2023-08-27T12:58:44.005827+0300 INFO Проверяю транзакции
2023-08-27T12:58:54.124032+0300 INFO Проверяю транзакции
2023-08-27T12:59:04.282475+0300 INFO Проверяю транзакции
2023-08-27T12:59:14.444247+0300 INFO Проверяю транзакции
2023-08-27T12:59:24.574843+0300 INFO Проверяю транзакции
2023-08-27T12:59:36.555305+0300 INFO Запуск бота
2023-08-27T12:59:39.765642+0300 INFO Проверяю транзакции
2023-08-27T12:59:42.128109+0300 INFO [{'role_name': 'VIP', 'price_rub': '100', 'role_id': '1145070165407584266'}]
2023-08-27T12:59:49.927077+0300 INFO Проверяю транзакции
2023-08-27T13:00:00.080763+0300 INFO Проверяю транзакции
2023-08-27T13:00:10.243888+0300 INFO Проверяю транзакции
2023-08-27T13:00:10.243888+0300 INFO {'id': '2c7d324e-000f-5000-9000-19d4ca16b9e4', 'status': 'waiting_for_capture', 'amount': Decimal('100.00'), 'currency': 'RUB', 'description': 'user_id:635727401048866816,role_id:1145070165407584266,role_name:VIP', 'created_at': '2023-08-27T09:59:42.179Z', 'paid': True, 'user_id': '635727401048866816', 'role_id': '1145070165407584266', 'role_name': 'VIP', 'end_time': datetime.datetime(2023, 9, 26, 13, 0, 10, 243888)}
2023-08-27T13:00:12.960060+0300 INFO morpex.ai
2023-08-27T13:00:12.960580+0300 INFO VIP
2023-08-27T13:00:12.960580+0300 INFO BillingBot#8332
2023-08-27T13:00:12.961101+0300 INFO morpex.ai
2023-08-27T13:00:13.269713+0300 INFO Role VIP given to user morpex.ai(635727401048866816)
2023-08-27T13:00:23.419955+0300 INFO Проверяю транзакции
2023-08-27T13:00:33.533603+0300 INFO Проверяю транзакции
2023-08-27T13:00:43.692469+0300 INFO Проверяю транзакции
2023-08-27T13:00:53.822361+0300 INFO Проверяю транзакции
2023-08-27T13:01:03.988852+0300 INFO Проверяю транзакции
2023-08-27T13:01:14.123935+0300 INFO Проверяю транзакции
2023-08-27T13:01:24.276874+0300 INFO Проверяю транзакции
2023-08-27T13:01:34.408459+0300 INFO Проверяю транзакции
2023-08-27T13:01:44.549860+0300 INFO Проверяю транзакции
2023-08-27T13:01:54.678506+0300 INFO Проверяю транзакции
2023-08-27T13:02:04.826415+0300 INFO Проверяю транзакции
2023-08-27T13:02:14.990869+0300 INFO Проверяю транзакции
2023-08-27T13:02:25.115151+0300 INFO Проверяю транзакции
2023-08-27T13:02:35.244640+0300 INFO Проверяю транзакции
2023-08-27T13:02:45.370904+0300 INFO Проверяю транзакции
2023-08-27T13:02:55.494139+0300 INFO Проверяю транзакции
2023-08-27T13:03:05.652068+0300 INFO Проверяю транзакции
2023-08-27T13:03:15.798099+0300 INFO Проверяю транзакции
2023-08-27T13:03:25.947077+0300 INFO Проверяю транзакции
2023-08-27T13:03:36.083284+0300 INFO Проверяю транзакции
2023-08-27T13:03:46.233338+0300 INFO Проверяю транзакции
2023-08-27T13:03:56.400849+0300 INFO Проверяю транзакции
2023-08-27T13:04:06.550745+0300 INFO Проверяю транзакции
2023-08-27T13:04:16.674169+0300 INFO Проверяю транзакции
2023-08-27T13:04:26.832303+0300 INFO Проверяю транзакции
2023-08-27T13:04:36.969240+0300 INFO Проверяю транзакции
2023-08-27T13:04:47.143896+0300 INFO Проверяю транзакции
2023-08-27T13:04:57.295423+0300 INFO Проверяю транзакции
2023-08-27T13:05:07.426019+0300 INFO Проверяю транзакции
2023-08-27T13:05:17.559434+0300 INFO Проверяю транзакции
2023-08-27T13:05:27.728551+0300 INFO Проверяю транзакции
2023-08-27T13:05:37.868700+0300 INFO Проверяю транзакции
2023-08-27T13:05:48.027131+0300 INFO Проверяю транзакции
2023-08-27T13:05:58.142752+0300 INFO Проверяю транзакции
2023-08-27T13:06:08.265373+0300 INFO Проверяю транзакции
2023-08-27T13:06:18.400894+0300 INFO Проверяю транзакции
2023-08-27T13:18:03.930641+0300 INFO Запуск бота
2023-08-27T13:18:07.308230+0300 INFO Проверяю транзакции
2023-08-27T13:18:07.309252+0300 INFO проверка на устаревшие подписки завершена
2023-08-27T13:18:17.443237+0300 INFO Проверяю транзакции
2023-08-27T13:18:17.444776+0300 INFO проверка на устаревшие подписки завершена
2023-08-27T13:18:27.582209+0300 INFO Проверяю транзакции
2023-08-27T13:18:27.583233+0300 INFO проверка на устаревшие подписки завершена
2023-08-27T13:18:37.792296+0300 INFO Проверяю транзакции
2023-08-27T13:18:37.793318+0300 INFO проверка на устаревшие подписки завершена
2023-08-27T13:18:47.933301+0300 INFO Проверяю транзакции
2023-08-27T13:18:47.934327+0300 INFO проверка на устаревшие подписки завершена
2023-08-27T13:18:58.072650+0300 INFO Проверяю транзакции
2023-08-27T13:18:58.073681+0300 INFO проверка на устаревшие подписки завершена
2023-08-27T13:19:08.210902+0300 INFO Проверяю транзакции
2023-08-27T13:19:08.211936+0300 INFO проверка на устаревшие подписки завершена
2023-08-27T13:19:18.358410+0300 INFO Проверяю транзакции
2023-08-27T13:19:18.359431+0300 INFO проверка на устаревшие подписки завершена
2023-08-27T13:19:28.491600+0300 INFO Проверяю транзакции
2023-08-27T13:19:28.492622+0300 INFO проверка на устаревшие подписки завершена
2023-08-27T13:19:38.635358+0300 INFO Проверяю транзакции
2023-08-27T13:19:38.636381+0300 INFO проверка на устаревшие подписки завершена
2023-08-27T13:19:48.782051+0300 INFO Проверяю транзакции
2023-08-27T13:19:48.783077+0300 INFO проверка на устаревшие подписки завершена
2023-08-27T13:19:58.911314+0300 INFO Проверяю транзакции
2023-08-27T13:19:58.912345+0300 INFO проверка на устаревшие подписки завершена
2023-08-27T13:20:09.039951+0300 INFO Проверяю транзакции
2023-08-27T13:20:09.040972+0300 INFO проверка на устаревшие подписки завершена
2023-08-27T13:20:19.196373+0300 INFO Проверяю транзакции
2023-08-27T13:20:19.197393+0300 INFO проверка на устаревшие подписки завершена
2023-08-27T13:20:29.325791+0300 INFO Проверяю транзакции
2023-08-27T13:20:29.326811+0300 INFO проверка на устаревшие подписки завершена
2023-08-27T13:20:39.458159+0300 INFO Проверяю транзакции
2023-08-27T13:20:39.459181+0300 INFO проверка на устаревшие подписки завершена
2023-08-27T13:20:49.597807+0300 INFO Проверяю транзакции
2023-08-27T13:20:49.598833+0300 INFO проверка на устаревшие подписки завершена
2023-08-27T13:20:59.734747+0300 INFO Проверяю транзакции
2023-08-27T13:20:59.735770+0300 INFO проверка на устаревшие подписки завершена
2023-08-27T13:25:03.554038+0300 INFO Запуск бота
2023-08-27T13:25:06.825701+0300 INFO Проверяю транзакции
2023-08-27T13:25:06.826719+0300 INFO проверка на устаревшие подписки завершена
2023-08-27T13:26:19.403655+0300 INFO Запуск бота
2023-08-27T13:27:07.351132+0300 INFO Запуск бота
2023-08-27T13:27:10.559550+0300 INFO Проверяю транзакции
2023-08-27T13:27:10.560576+0300 INFO проверка на устаревшие подписки завершена
2023-08-27T13:27:20.703462+0300 INFO Проверяю транзакции
2023-08-27T13:27:20.704488+0300 INFO проверка на устаревшие подписки завершена
2023-08-27T13:27:30.871317+0300 INFO Проверяю транзакции
2023-08-27T13:27:30.872858+0300 INFO проверка на устаревшие подписки завершена
2023-08-27T13:27:35.269420+0300 INFO [{'role_name': 'VIP', 'price_rub': '100', 'role_id': '1145070165407584266'}]
2023-08-27T13:27:41.006326+0300 INFO Проверяю транзакции
2023-08-27T13:27:41.007870+0300 INFO проверка на устаревшие подписки завершена
2023-08-27T13:27:51.141359+0300 INFO Проверяю транзакции
2023-08-27T13:27:51.143957+0300 INFO проверка на устаревшие подписки завершена
2023-08-27T13:28:01.275837+0300 INFO Проверяю транзакции
2023-08-27T13:28:01.277398+0300 INFO проверка на устаревшие подписки завершена
2023-08-27T13:28:11.426869+0300 INFO Проверяю транзакции
2023-08-27T13:28:11.427380+0300 INFO {'id': '2c7d38da-000f-5000-9000-152c7b352e89', 'status': 'waiting_for_capture', 'amount': Decimal('100.00'), 'currency': 'RUB', 'description': 'user_id:635727401048866816,role_id:1145070165407584266,role_name:VIP', 'created_at': '2023-08-27T10:27:38.920Z', 'paid': True, 'user_id': '635727401048866816', 'role_id': '1145070165407584266', 'role_name': 'VIP', 'end_time': datetime.datetime(2023, 7, 28, 13, 28, 11, 427380)}
2023-08-27T13:28:13.099690+0300 INFO Role VIP given to user morpex.ai(635727401048866816)
2023-08-27T13:28:13.182158+0300 INFO Detected old role by user 635727401048866816
2023-08-27T13:28:13.925118+0300 INFO У пользователя 635727401048866816 закончилась подписка на роль VIP
2023-08-27T13:28:13.925118+0300 INFO проверка на устаревшие подписки завершена
2023-08-27T13:28:24.051824+0300 INFO Проверяю транзакции
2023-08-27T13:30:23.013716+0300 INFO Запуск бота
2023-08-27T13:30:26.284913+0300 INFO Проверяю транзакции
2023-08-27T13:30:26.286457+0300 INFO проверка на устаревшие подписки завершена
2023-08-27T13:30:36.418635+0300 INFO Проверяю транзакции
2023-08-27T13:30:36.419660+0300 INFO проверка на устаревшие подписки завершена
2023-08-27T13:30:39.054030+0300 INFO [{'role_name': 'VIP', 'price_rub': '100', 'role_id': '1145070165407584266'}]
2023-08-27T13:30:46.578568+0300 INFO Проверяю транзакции
2023-08-27T13:30:46.579597+0300 INFO проверка на устаревшие подписки завершена
2023-08-27T13:30:56.713617+0300 INFO Проверяю транзакции
2023-08-27T13:30:56.714640+0300 INFO проверка на устаревшие подписки завершена
2023-08-27T13:31:06.859182+0300 INFO Проверяю транзакции
2023-08-27T13:31:06.859182+0300 INFO {'id': '2c7d398e-000f-5000-a000-169382d64eef', 'status': 'waiting_for_capture', 'amount': Decimal('100.00'), 'currency': 'RUB', 'description': 'user_id:635727401048866816,role_id:1145070165407584266,role_name:VIP', 'created_at': '2023-08-27T10:30:38.958Z', 'paid': True, 'user_id': '635727401048866816', 'role_id': '1145070165407584266', 'role_name': 'VIP', 'end_time': datetime.datetime(2023, 7, 28, 13, 31, 6, 859182)}
2023-08-27T13:31:08.672188+0300 INFO Role VIP given to user morpex.ai(635727401048866816)
2023-08-27T13:31:08.760982+0300 INFO Detected old role by user 635727401048866816
2023-08-27T13:31:08.763058+0300 INFO У пользователя 635727401048866816 удалена 1 подписка, но у него есть более новая!
2023-08-27T13:31:08.763058+0300 INFO проверка на устаревшие подписки завершена
2023-08-27T13:31:18.906915+0300 INFO Проверяю транзакции
2023-08-27T13:31:18.908967+0300 INFO проверка на устаревшие подписки завершена
2023-08-27T13:31:29.053656+0300 INFO Проверяю транзакции
2023-08-27T13:31:29.054677+0300 INFO проверка на устаревшие подписки завершена
2023-08-27T13:31:49.581663+0300 INFO Запуск бота
2023-08-27T13:31:52.829247+0300 INFO Проверяю транзакции
2023-08-27T13:31:52.830274+0300 INFO проверка на устаревшие подписки завершена
2023-08-27T13:32:03.046904+0300 INFO Проверяю транзакции
2023-08-27T13:32:03.048444+0300 INFO проверка на устаревшие подписки завершена
2023-08-27T13:32:13.202427+0300 INFO Проверяю транзакции
2023-08-27T13:32:13.203969+0300 INFO проверка на устаревшие подписки завершена
2023-08-27T13:32:14.245124+0300 INFO [{'role_name': 'VIP', 'price_rub': '100', 'role_id': '1145070165407584266'}, {'role_name': 'Test', 'price_rub': '150', 'role_id': '1145076215267459192'}]
2023-08-27T13:32:23.342306+0300 INFO Проверяю транзакции
2023-08-27T13:32:23.343336+0300 INFO проверка на устаревшие подписки завершена
2023-08-27T13:32:33.491312+0300 INFO Проверяю транзакции
2023-08-27T13:32:33.492857+0300 INFO проверка на устаревшие подписки завершена
2023-08-27T13:32:43.623986+0300 INFO Проверяю транзакции
2023-08-27T13:32:43.623986+0300 INFO {'id': '2c7d39f1-000f-5000-9000-143811c4a5b2', 'status': 'waiting_for_capture', 'amount': Decimal('150.00'), 'currency': 'RUB', 'description': 'user_id:635727401048866816,role_id:1145076215267459192,role_name:Test', 'created_at': '2023-08-27T10:32:17.667Z', 'paid': True, 'user_id': '635727401048866816', 'role_id': '1145076215267459192', 'role_name': 'Test', 'end_time': datetime.datetime(2023, 7, 28, 13, 32, 43, 623986)}
2023-08-27T13:32:46.487543+0300 INFO Role Test given to user morpex.ai(635727401048866816)
2023-08-27T13:32:46.565858+0300 INFO Detected old role by user 635727401048866816
2023-08-27T13:32:47.393209+0300 INFO У пользователя 635727401048866816 закончилась подписка на роль Test
2023-08-27T13:32:47.393719+0300 INFO проверка на устаревшие подписки завершена
2023-08-27T13:32:57.521911+0300 INFO Проверяю транзакции
2023-08-27T13:32:57.523953+0300 INFO проверка на устаревшие подписки завершена
2023-08-27T13:33:07.652733+0300 INFO Проверяю транзакции
2023-08-27T13:33:07.653754+0300 INFO проверка на устаревшие подписки завершена
2023-08-27T13:33:17.808825+0300 INFO Проверяю транзакции
2023-08-27T13:33:17.809855+0300 INFO проверка на устаревшие подписки завершена
2023-08-27T13:33:21.026607+0300 INFO Запуск бота
2023-08-27T13:33:24.322948+0300 INFO Проверяю транзакции
2023-08-27T13:33:24.323969+0300 INFO проверка на устаревшие подписки завершена
2023-08-27T13:33:34.458291+0300 INFO Проверяю транзакции
2023-08-27T13:33:34.459832+0300 INFO проверка на устаревшие подписки завершена
2023-08-27T13:33:34.982577+0300 INFO [{'role_name': 'VIP', 'price_rub': '100', 'role_id': '1145070165407584266'}, {'role_name': 'Test', 'price_rub': '150', 'role_id': '1145076215267459192'}]
2023-08-27T13:33:44.600282+0300 INFO Проверяю транзакции
2023-08-27T13:33:44.601834+0300 INFO проверка на устаревшие подписки завершена
2023-08-27T13:33:54.756312+0300 INFO Проверяю транзакции
2023-08-27T13:33:54.757336+0300 INFO проверка на устаревшие подписки завершена
2023-08-27T13:34:04.888405+0300 INFO Проверяю транзакции
2023-08-27T13:34:04.888405+0300 INFO {'id': '2c7d3a40-000f-5000-a000-1ebb9886c630', 'status': 'waiting_for_capture', 'amount': Decimal('150.00'), 'currency': 'RUB', 'description': 'user_id:635727401048866816,role_id:1145076215267459192,role_name:Test', 'created_at': '2023-08-27T10:33:36.987Z', 'paid': True, 'user_id': '635727401048866816', 'role_id': '1145076215267459192', 'role_name': 'Test', 'end_time': datetime.datetime(2023, 9, 26, 13, 34, 4, 888405)}
2023-08-27T13:34:07.581600+0300 INFO Role Test given to user morpex.ai(635727401048866816)
2023-08-27T13:34:07.583644+0300 INFO проверка на устаревшие подписки завершена
2023-08-27T13:34:17.735764+0300 INFO Проверяю транзакции
2023-08-27T13:34:17.736785+0300 INFO проверка на устаревшие подписки завершена
2023-08-27T13:34:27.882529+0300 INFO Проверяю транзакции
2023-08-27T13:34:27.883557+0300 INFO проверка на устаревшие подписки завершена
2023-08-27T13:34:38.057565+0300 INFO Проверяю транзакции
2023-08-27T13:34:38.058588+0300 INFO проверка на устаревшие подписки завершена
2023-08-27T13:34:48.210774+0300 INFO Проверяю транзакции
2023-08-27T13:34:48.211795+0300 INFO проверка на устаревшие подписки завершена
2023-08-27T13:34:58.370963+0300 INFO Проверяю транзакции
2023-08-27T13:34:58.371994+0300 INFO проверка на устаревшие подписки завершена
2023-08-27T13:35:08.492997+0300 INFO Проверяю транзакции
2023-08-27T13:35:08.494018+0300 INFO проверка на устаревшие подписки завершена
2023-08-27T13:35:18.669185+0300 INFO Проверяю транзакции
2023-08-27T13:35:18.670216+0300 INFO проверка на устаревшие подписки завершена
2023-08-27T13:35:28.789530+0300 INFO Проверяю транзакции
2023-08-27T13:35:28.790558+0300 INFO проверка на устаревшие подписки завершена
2023-08-27T13:35:38.946186+0300 INFO Проверяю транзакции
2023-08-27T13:35:38.947209+0300 INFO проверка на устаревшие подписки завершена
2023-08-27T13:35:49.086210+0300 INFO Проверяю транзакции
2023-08-27T13:35:49.087755+0300 INFO проверка на устаревшие подписки завершена
2023-08-27T13:35:59.224567+0300 INFO Проверяю транзакции
2023-08-27T13:35:59.225596+0300 INFO проверка на устаревшие подписки завершена
2023-08-27T13:36:09.379095+0300 INFO Проверяю транзакции
2023-08-27T13:36:09.380117+0300 INFO проверка на устаревшие подписки завершена
2023-08-27T13:36:19.511728+0300 INFO Проверяю транзакции
2023-08-27T13:36:19.512747+0300 INFO проверка на устаревшие подписки завершена
2023-08-27T13:38:53.274966+0300 INFO Запуск бота
2023-08-27T13:38:56.549236+0300 INFO Проверяю транзакции
2023-08-27T13:38:56.550265+0300 INFO проверка на устаревшие подписки завершена
2023-08-27T13:39:06.679014+0300 INFO Проверяю транзакции
2023-08-27T13:39:06.681083+0300 INFO проверка на устаревшие подписки завершена
2023-08-27T13:39:16.856733+0300 INFO Проверяю транзакции
2023-08-27T13:39:16.857753+0300 INFO проверка на устаревшие подписки завершена
2023-08-27T13:39:26.987549+0300 INFO Проверяю транзакции
2023-08-27T13:39:26.988577+0300 INFO проверка на устаревшие подписки завершена
2023-08-27T13:39:37.114020+0300 INFO Проверяю транзакции
2023-08-27T13:39:37.115042+0300 INFO проверка на устаревшие подписки завершена
2023-08-27T13:39:47.245849+0300 INFO Проверяю транзакции
2023-08-27T13:39:47.246870+0300 INFO проверка на устаревшие подписки завершена
2023-08-27T13:39:57.389073+0300 INFO Проверяю транзакции
2023-08-27T13:39:57.390093+0300 INFO проверка на устаревшие подписки завершена
2023-08-27T13:40:07.555685+0300 INFO Проверяю транзакции
2023-08-27T13:40:07.556711+0300 INFO проверка на устаревшие подписки завершена
2023-08-27T13:40:16.135050+0300 INFO [{'role_name': 'VIP', 'price_rub': '100', 'role_id': '1145070165407584266'}]
2023-08-27T13:40:17.697827+0300 INFO Проверяю транзакции
2023-08-27T13:40:17.698850+0300 INFO проверка на устаревшие подписки завершена
2023-08-27T13:40:27.837777+0300 INFO Проверяю транзакции
2023-08-27T13:40:27.838799+0300 INFO проверка на устаревшие подписки завершена
2023-08-27T13:40:37.967586+0300 INFO Проверяю транзакции
2023-08-27T13:40:37.968617+0300 INFO проверка на устаревшие подписки завершена
2023-08-27T13:40:48.106666+0300 INFO Проверяю транзакции
2023-08-27T13:40:48.107687+0300 INFO проверка на устаревшие подписки завершена
2023-08-27T13:40:56.994384+0300 INFO Запуск бота
2023-08-27T13:41:00.302826+0300 INFO Проверяю транзакции
2023-08-27T13:41:00.303844+0300 INFO проверка на устаревшие подписки завершена
2023-08-27T13:41:10.450066+0300 INFO Проверяю транзакции
2023-08-27T13:41:10.451091+0300 INFO проверка на устаревшие подписки завершена
2023-08-27T13:41:20.579188+0300 INFO Проверяю транзакции
2023-08-27T13:41:20.580220+0300 INFO проверка на устаревшие подписки завершена
2023-08-27T13:41:42.127551+0300 INFO Запуск бота
2023-08-27T13:41:45.582856+0300 INFO Проверяю транзакции
2023-08-27T13:41:45.583877+0300 INFO проверка на устаревшие подписки завершена
2023-08-27T13:41:55.719655+0300 INFO Проверяю транзакции
2023-08-27T13:41:55.721209+0300 INFO проверка на устаревшие подписки завершена
2023-08-27T13:42:05.869472+0300 INFO Проверяю транзакции
2023-08-27T13:42:05.870508+0300 INFO проверка на устаревшие подписки завершена
2023-08-27T13:42:16.004304+0300 INFO Проверяю транзакции
2023-08-27T13:42:16.005330+0300 INFO проверка на устаревшие подписки завершена
2023-08-27T13:42:26.132587+0300 INFO Проверяю транзакции
2023-08-27T13:42:26.133610+0300 INFO проверка на устаревшие подписки завершена
2023-08-27T13:42:36.287175+0300 INFO Проверяю транзакции
2023-08-27T13:42:36.288721+0300 INFO проверка на устаревшие подписки завершена
2023-08-27T13:42:49.066224+0300 INFO Запуск бота
2023-08-27T13:42:52.358315+0300 INFO Проверяю транзакции
2023-08-27T13:42:52.359337+0300 INFO проверка на устаревшие подписки завершена
2023-08-27T13:43:02.507001+0300 INFO Проверяю транзакции
2023-08-27T13:43:02.508021+0300 INFO проверка на устаревшие подписки завершена
2023-08-27T13:43:12.656585+0300 INFO Проверяю транзакции
2023-08-27T13:43:12.657614+0300 INFO проверка на устаревшие подписки завершена
2023-08-27T13:43:22.795086+0300 INFO Проверяю транзакции
2023-08-27T13:43:22.796113+0300 INFO проверка на устаревшие подписки завершена
2023-08-27T13:43:32.920124+0300 INFO Проверяю транзакции
2023-08-27T13:43:32.921148+0300 INFO проверка на устаревшие подписки завершена
2023-08-27T13:43:39.000565+0300 INFO Запуск бота
2023-08-27T13:43:42.351650+0300 INFO Проверяю транзакции
2023-08-27T13:43:42.352678+0300 INFO проверка на устаревшие подписки завершена
2023-08-27T13:43:53.533900+0300 INFO Проверяю транзакции
2023-08-27T13:43:53.535447+0300 INFO проверка на устаревшие подписки завершена
2023-08-27T13:44:03.667550+0300 INFO Проверяю транзакции
2023-08-27T13:44:03.669130+0300 INFO проверка на устаревшие подписки завершена
2023-08-27T13:44:13.833119+0300 INFO Проверяю транзакции
2023-08-27T13:44:13.835183+0300 INFO проверка на устаревшие подписки завершена
2023-08-27T13:44:23.981411+0300 INFO Проверяю транзакции
2023-08-27T13:44:23.982965+0300 INFO проверка на устаревшие подписки завершена
2023-08-27T13:44:34.127492+0300 INFO Проверяю транзакции
2023-08-27T13:44:34.129550+0300 INFO проверка на устаревшие подписки завершена
2023-08-27T13:44:44.272421+0300 INFO Проверяю транзакции
2023-08-27T13:44:44.273455+0300 INFO проверка на устаревшие подписки завершена
2023-08-27T13:44:54.406900+0300 INFO Проверяю транзакции
2023-08-27T13:44:54.407966+0300 INFO проверка на устаревшие подписки завершена
2023-08-27T13:45:04.559219+0300 INFO Проверяю транзакции
2023-08-27T13:45:04.560251+0300 INFO проверка на устаревшие подписки завершена
2023-08-27T13:45:14.705344+0300 INFO Проверяю транзакции
2023-08-27T13:45:14.706371+0300 INFO проверка на устаревшие подписки завершена
2023-08-27T13:45:24.852302+0300 INFO Проверяю транзакции
2023-08-27T13:45:24.853839+0300 INFO проверка на устаревшие подписки завершена
2023-08-27T13:46:23.713928+0300 INFO Запуск бота
2023-08-27T13:46:27.174508+0300 INFO Проверяю транзакции
2023-08-27T13:46:27.175534+0300 INFO проверка на устаревшие подписки завершена
2023-08-27T13:46:37.310295+0300 INFO Проверяю транзакции
2023-08-27T13:46:37.311314+0300 INFO проверка на устаревшие подписки завершена
2023-08-27T13:46:47.592799+0300 INFO Проверяю транзакции
2023-08-27T13:46:47.593820+0300 INFO проверка на устаревшие подписки завершена
2023-08-27T13:47:27.676781+0300 INFO Запуск бота
2023-08-27T13:47:31.000713+0300 INFO Проверяю транзакции
2023-08-27T13:47:31.001787+0300 INFO проверка на устаревшие подписки завершена
2023-08-27T13:47:41.131655+0300 INFO Проверяю транзакции
2023-08-27T13:47:41.132679+0300 INFO проверка на устаревшие подписки завершена
2023-08-27T13:47:51.348011+0300 INFO Проверяю транзакции
2023-08-27T13:47:51.349560+0300 INFO проверка на устаревшие подписки завершена
2023-08-27T13:48:01.495649+0300 INFO Проверяю транзакции
2023-08-27T13:48:01.496676+0300 INFO проверка на устаревшие подписки завершена
2023-08-27T13:48:11.620316+0300 INFO Проверяю транзакции
2023-08-27T13:48:11.622389+0300 INFO проверка на устаревшие подписки завершена
2023-08-27T13:49:44.545785+0300 INFO Запуск бота
2023-08-27T13:50:49.096757+0300 INFO Запуск бота
2023-08-27T13:51:40.111067+0300 INFO [{'role_name': 'VIP', 'price_rub': '100', 'role_id': '1145070165407584266'}]
2023-08-27T13:55:07.356285+0300 INFO Запуск бота
2023-08-27T13:55:22.428369+0300 INFO [{'role_name': 'VIP', 'price_rub': '100', 'role_id': '1145070165407584266'}]
2023-08-27T13:55:51.439014+0300 INFO {'id': '2c7d3f5a-000f-5000-a000-1e9910c8192f', 'status': 'waiting_for_capture', 'amount': Decimal('100.00'), 'currency': 'RUB', 'description': 'user_id:635727401048866816,role_id:1145070165407584266,role_name:VIP', 'created_at': '2023-08-27T10:55:22.578Z', 'paid': True, 'user_id': '635727401048866816', 'role_id': '1145070165407584266', 'role_name': 'VIP', 'end_time': datetime.datetime(2023, 9, 26, 13, 55, 51, 439014)}
2023-08-27T13:55:53.218891+0300 INFO Role VIP given to user morpex.ai(635727401048866816)
2023-08-27T13:59:15.475564+0300 INFO [{'role_name': 'VIP', 'price_rub': '100', 'role_id': '1145070165407584266'}]
2023-08-27T18:00:51.583358+0300 INFO [{'role_name': 'VIP', 'price_rub': '100', 'role_id': '1145070165407584266'}]
2023-08-27T18:01:23.219570+0300 INFO {'id': '2c7d78e5-000f-5000-9000-1544ccefd4bf', 'status': 'waiting_for_capture', 'amount': Decimal('100.00'), 'currency': 'RUB', 'description': 'user_id:635727401048866816,role_id:1145070165407584266,role_name:VIP', 'created_at': '2023-08-27T15:00:53.680Z', 'paid': True, 'user_id': '635727401048866816', 'role_id': '1145070165407584266', 'role_name': 'VIP', 'end_time': datetime.datetime(2023, 9, 26, 18, 1, 23, 219570)}
2023-08-27T18:01:25.969612+0300 INFO Role VIP given to user morpex.ai(635727401048866816)
2023-08-27T18:02:04.927931+0300 INFO [{'role_name': 'VIP', 'price_rub': '100', 'role_id': '1145070165407584266'}, {'role_name': 'Test', 'price_rub': '250', 'role_id': '1145076215267459192'}]
2023-08-27T18:04:07.033800+0300 INFO Запуск бота
2023-08-27T18:04:14.551758+0300 INFO [{'role_name': 'VIP', 'price_rub': '100', 'role_id': '1145070165407584266'}]
2023-08-27T18:04:40.830416+0300 INFO {'id': '2c7d79b0-000f-5000-a000-1f5b9b5e19b2', 'status': 'waiting_for_capture', 'amount': Decimal('100.00'), 'currency': 'RUB', 'description': 'user_id:635727401048866816,role_id:1145070165407584266,role_name:VIP', 'created_at': '2023-08-27T15:04:16.765Z', 'paid': True, 'user_id': '635727401048866816', 'role_id': '1145070165407584266', 'role_name': 'VIP', 'end_time': datetime.datetime(2023, 7, 28, 18, 4, 40, 830416)}
2023-08-27T18:04:43.619568+0300 INFO Role VIP given to user morpex.ai(635727401048866816)
2023-08-27T18:04:43.801825+0300 INFO Detected old role by user 635727401048866816
2023-08-27T18:04:43.802853+0300 INFO У пользователя 635727401048866816 удалена 1 подписка, но у него есть более новая!
2023-08-27T18:05:58.090334+0300 INFO [{'role_name': 'VIP', 'price_rub': '100', 'role_id': '1145070165407584266'}, {'role_name': 'Test', 'price_rub': '250', 'role_id': '1145076215267459192'}]
2023-08-27T18:06:45.715575+0300 INFO {'id': '2c7d7a35-000f-5000-8000-1ae8995996f4', 'status': 'waiting_for_capture', 'amount': Decimal('250.00'), 'currency': 'RUB', 'description': 'user_id:635727401048866816,role_id:1145076215267459192,role_name:Test', 'created_at': '2023-08-27T15:06:29.281Z', 'paid': True, 'user_id': '635727401048866816', 'role_id': '1145076215267459192', 'role_name': 'Test', 'end_time': datetime.datetime(2023, 7, 28, 18, 6, 45, 715575)}
2023-08-27T18:06:48.761407+0300 INFO Role Test given to user morpex.ai(635727401048866816)
2023-08-27T18:06:48.882134+0300 INFO Detected old role by user 635727401048866816
2023-08-27T18:06:48.883702+0300 INFO У пользователя 635727401048866816 удалена 1 подписка, но у него есть более новая!
2023-08-27T18:08:08.788757+0300 INFO [{'role_name': 'VIP', 'price_rub': '100', 'role_id': '1145070165407584266'}, {'role_name': 'Test', 'price_rub': '250', 'role_id': '1145076215267459192'}, {'role_name': 'First', 'price_rub': '250', 'role_id': '1145372107056881765'}]
2023-08-27T18:08:30.506031+0300 INFO {'id': '2c7d7a9a-000f-5000-9000-1e4fde33495c', 'status': 'waiting_for_capture', 'amount': Decimal('250.00'), 'currency': 'RUB', 'description': 'user_id:635727401048866816,role_id:1145372107056881765,role_name:First', 'created_at': '2023-08-27T15:08:10.784Z', 'paid': True, 'user_id': '635727401048866816', 'role_id': '1145372107056881765', 'role_name': 'First', 'end_time': datetime.datetime(2023, 7, 28, 18, 8, 30, 506031)}
2023-08-27T18:08:32.516749+0300 INFO Role First given to user morpex.ai(635727401048866816)
2023-08-27T18:08:32.673631+0300 INFO Detected old role by user 635727401048866816
2023-08-27T18:08:33.678013+0300 INFO У пользователя 635727401048866816 закончилась подписка на роль First
